
*** Running vivado
    with args -log Part5.vds -m64 -product Vivado -mode batch -messageDb vivado.pb -notrace -source Part5.tcl


****** Vivado v2017.4 (64-bit)
  **** SW Build 2086221 on Fri Dec 15 20:55:39 MST 2017
  **** IP Build 2085800 on Fri Dec 15 22:25:07 MST 2017
    ** Copyright 1986-2017 Xilinx, Inc. All Rights Reserved.

source Part5.tcl -notrace
Command: synth_design -top Part5 -part xc7a35tcpg236-1
Starting synth_design
Attempting to get a license for feature 'Synthesis' and/or device 'xc7a35t'
INFO: [Common 17-349] Got license for feature 'Synthesis' and/or device 'xc7a35t'
INFO: Launching helper process for spawning children vivado processes
INFO: Helper process launched with PID 25300 
---------------------------------------------------------------------------------
Starting RTL Elaboration : Time (s): cpu = 00:00:02 ; elapsed = 00:00:02 . Memory (MB): peak = 343.016 ; gain = 99.945
---------------------------------------------------------------------------------
INFO: [Synth 8-638] synthesizing module 'Part5' [C:/Users/ma378458/EEE3342C/project/project.srcs/sources_1/new/Part5.v:22]
INFO: [Synth 8-638] synthesizing module 'print_seg' [C:/Users/ma378458/EEE3342C/project/project.srcs/sources_1/new/print_seg.v:23]
INFO: [Synth 8-256] done synthesizing module 'print_seg' (1#1) [C:/Users/ma378458/EEE3342C/project/project.srcs/sources_1/new/print_seg.v:23]
WARNING: [Synth 8-350] instance 'onesDisplay' of module 'print_seg' requires 4 connections, but only 2 given [C:/Users/ma378458/EEE3342C/project/project.srcs/sources_1/new/Part5.v:70]
INFO: [Synth 8-256] done synthesizing module 'Part5' (2#1) [C:/Users/ma378458/EEE3342C/project/project.srcs/sources_1/new/Part5.v:22]
WARNING: [Synth 8-3331] design print_seg has unconnected port slowClk
WARNING: [Synth 8-3331] design print_seg has unconnected port reset
---------------------------------------------------------------------------------
Finished RTL Elaboration : Time (s): cpu = 00:00:03 ; elapsed = 00:00:03 . Memory (MB): peak = 395.254 ; gain = 152.184
---------------------------------------------------------------------------------

Report Check Netlist: 
+------+------------------+-------+---------+-------+------------------+
|      |Item              |Errors |Warnings |Status |Description       |
+------+------------------+-------+---------+-------+------------------+
|1     |multi_driven_nets |      0|        0|Passed |Multi driven nets |
+------+------------------+-------+---------+-------+------------------+
---------------------------------------------------------------------------------
Finished RTL Optimization Phase 1 : Time (s): cpu = 00:00:03 ; elapsed = 00:00:03 . Memory (MB): peak = 395.254 ; gain = 152.184
---------------------------------------------------------------------------------
INFO: [Device 21-403] Loading part xc7a35tcpg236-1
INFO: [Project 1-570] Preparing netlist for logic optimization

Processing XDC Constraints
Initializing timing engine
Parsing XDC File [C:/Users/ma378458/EEE3342C/project/project.srcs/constrs_2/new/Contraints3.xdc]
WARNING: [Vivado 12-584] No ports matched 'A[7]'. [C:/Users/ma378458/EEE3342C/project/project.srcs/constrs_2/new/Contraints3.xdc:1]
CRITICAL WARNING: [Common 17-55] 'set_property' expects at least one object. [C:/Users/ma378458/EEE3342C/project/project.srcs/constrs_2/new/Contraints3.xdc:1]
Resolution: If [get_<value>] was used to populate the object, check to make sure this command returns at least one valid object.
WARNING: [Vivado 12-584] No ports matched 'A[6]'. [C:/Users/ma378458/EEE3342C/project/project.srcs/constrs_2/new/Contraints3.xdc:2]
CRITICAL WARNING: [Common 17-55] 'set_property' expects at least one object. [C:/Users/ma378458/EEE3342C/project/project.srcs/constrs_2/new/Contraints3.xdc:2]
Resolution: If [get_<value>] was used to populate the object, check to make sure this command returns at least one valid object.
WARNING: [Vivado 12-584] No ports matched 'A[5]'. [C:/Users/ma378458/EEE3342C/project/project.srcs/constrs_2/new/Contraints3.xdc:3]
CRITICAL WARNING: [Common 17-55] 'set_property' expects at least one object. [C:/Users/ma378458/EEE3342C/project/project.srcs/constrs_2/new/Contraints3.xdc:3]
Resolution: If [get_<value>] was used to populate the object, check to make sure this command returns at least one valid object.
WARNING: [Vivado 12-584] No ports matched 'A[4]'. [C:/Users/ma378458/EEE3342C/project/project.srcs/constrs_2/new/Contraints3.xdc:4]
CRITICAL WARNING: [Common 17-55] 'set_property' expects at least one object. [C:/Users/ma378458/EEE3342C/project/project.srcs/constrs_2/new/Contraints3.xdc:4]
Resolution: If [get_<value>] was used to populate the object, check to make sure this command returns at least one valid object.
WARNING: [Vivado 12-584] No ports matched 'A[3]'. [C:/Users/ma378458/EEE3342C/project/project.srcs/constrs_2/new/Contraints3.xdc:5]
CRITICAL WARNING: [Common 17-55] 'set_property' expects at least one object. [C:/Users/ma378458/EEE3342C/project/project.srcs/constrs_2/new/Contraints3.xdc:5]
Resolution: If [get_<value>] was used to populate the object, check to make sure this command returns at least one valid object.
WARNING: [Vivado 12-584] No ports matched 'A[2]'. [C:/Users/ma378458/EEE3342C/project/project.srcs/constrs_2/new/Contraints3.xdc:6]
CRITICAL WARNING: [Common 17-55] 'set_property' expects at least one object. [C:/Users/ma378458/EEE3342C/project/project.srcs/constrs_2/new/Contraints3.xdc:6]
Resolution: If [get_<value>] was used to populate the object, check to make sure this command returns at least one valid object.
WARNING: [Vivado 12-584] No ports matched 'A[1]'. [C:/Users/ma378458/EEE3342C/project/project.srcs/constrs_2/new/Contraints3.xdc:7]
CRITICAL WARNING: [Common 17-55] 'set_property' expects at least one object. [C:/Users/ma378458/EEE3342C/project/project.srcs/constrs_2/new/Contraints3.xdc:7]
Resolution: If [get_<value>] was used to populate the object, check to make sure this command returns at least one valid object.
WARNING: [Vivado 12-584] No ports matched 'A[0]'. [C:/Users/ma378458/EEE3342C/project/project.srcs/constrs_2/new/Contraints3.xdc:8]
CRITICAL WARNING: [Common 17-55] 'set_property' expects at least one object. [C:/Users/ma378458/EEE3342C/project/project.srcs/constrs_2/new/Contraints3.xdc:8]
Resolution: If [get_<value>] was used to populate the object, check to make sure this command returns at least one valid object.
WARNING: [Vivado 12-584] No ports matched 'S[1]'. [C:/Users/ma378458/EEE3342C/project/project.srcs/constrs_2/new/Contraints3.xdc:9]
CRITICAL WARNING: [Common 17-55] 'set_property' expects at least one object. [C:/Users/ma378458/EEE3342C/project/project.srcs/constrs_2/new/Contraints3.xdc:9]
Resolution: If [get_<value>] was used to populate the object, check to make sure this command returns at least one valid object.
WARNING: [Vivado 12-584] No ports matched 'S[0]'. [C:/Users/ma378458/EEE3342C/project/project.srcs/constrs_2/new/Contraints3.xdc:10]
CRITICAL WARNING: [Common 17-55] 'set_property' expects at least one object. [C:/Users/ma378458/EEE3342C/project/project.srcs/constrs_2/new/Contraints3.xdc:10]
Resolution: If [get_<value>] was used to populate the object, check to make sure this command returns at least one valid object.
WARNING: [Vivado 12-584] No ports matched 'F'. [C:/Users/ma378458/EEE3342C/project/project.srcs/constrs_2/new/Contraints3.xdc:11]
CRITICAL WARNING: [Common 17-55] 'set_property' expects at least one object. [C:/Users/ma378458/EEE3342C/project/project.srcs/constrs_2/new/Contraints3.xdc:11]
Resolution: If [get_<value>] was used to populate the object, check to make sure this command returns at least one valid object.
WARNING: [Vivado 12-584] No ports matched 'S[2]'. [C:/Users/ma378458/EEE3342C/project/project.srcs/constrs_2/new/Contraints3.xdc:12]
CRITICAL WARNING: [Common 17-55] 'set_property' expects at least one object. [C:/Users/ma378458/EEE3342C/project/project.srcs/constrs_2/new/Contraints3.xdc:12]
Resolution: If [get_<value>] was used to populate the object, check to make sure this command returns at least one valid object.
WARNING: [Vivado 12-584] No ports matched 'A[6]'. [C:/Users/ma378458/EEE3342C/project/project.srcs/constrs_2/new/Contraints3.xdc:13]
CRITICAL WARNING: [Common 17-55] 'set_property' expects at least one object. [C:/Users/ma378458/EEE3342C/project/project.srcs/constrs_2/new/Contraints3.xdc:13]
Resolution: If [get_<value>] was used to populate the object, check to make sure this command returns at least one valid object.
WARNING: [Vivado 12-584] No ports matched 'A[5]'. [C:/Users/ma378458/EEE3342C/project/project.srcs/constrs_2/new/Contraints3.xdc:14]
CRITICAL WARNING: [Common 17-55] 'set_property' expects at least one object. [C:/Users/ma378458/EEE3342C/project/project.srcs/constrs_2/new/Contraints3.xdc:14]
Resolution: If [get_<value>] was used to populate the object, check to make sure this command returns at least one valid object.
WARNING: [Vivado 12-584] No ports matched 'A[4]'. [C:/Users/ma378458/EEE3342C/project/project.srcs/constrs_2/new/Contraints3.xdc:15]
CRITICAL WARNING: [Common 17-55] 'set_property' expects at least one object. [C:/Users/ma378458/EEE3342C/project/project.srcs/constrs_2/new/Contraints3.xdc:15]
Resolution: If [get_<value>] was used to populate the object, check to make sure this command returns at least one valid object.
WARNING: [Vivado 12-584] No ports matched 'A[3]'. [C:/Users/ma378458/EEE3342C/project/project.srcs/constrs_2/new/Contraints3.xdc:16]
CRITICAL WARNING: [Common 17-55] 'set_property' expects at least one object. [C:/Users/ma378458/EEE3342C/project/project.srcs/constrs_2/new/Contraints3.xdc:16]
Resolution: If [get_<value>] was used to populate the object, check to make sure this command returns at least one valid object.
WARNING: [Vivado 12-584] No ports matched 'A[1]'. [C:/Users/ma378458/EEE3342C/project/project.srcs/constrs_2/new/Contraints3.xdc:17]
CRITICAL WARNING: [Common 17-55] 'set_property' expects at least one object. [C:/Users/ma378458/EEE3342C/project/project.srcs/constrs_2/new/Contraints3.xdc:17]
Resolution: If [get_<value>] was used to populate the object, check to make sure this command returns at least one valid object.
WARNING: [Vivado 12-584] No ports matched 'A[0]'. [C:/Users/ma378458/EEE3342C/project/project.srcs/constrs_2/new/Contraints3.xdc:18]
CRITICAL WARNING: [Common 17-55] 'set_property' expects at least one object. [C:/Users/ma378458/EEE3342C/project/project.srcs/constrs_2/new/Contraints3.xdc:18]
Resolution: If [get_<value>] was used to populate the object, check to make sure this command returns at least one valid object.
WARNING: [Vivado 12-584] No ports matched 'A[2]'. [C:/Users/ma378458/EEE3342C/project/project.srcs/constrs_2/new/Contraints3.xdc:19]
CRITICAL WARNING: [Common 17-55] 'set_property' expects at least one object. [C:/Users/ma378458/EEE3342C/project/project.srcs/constrs_2/new/Contraints3.xdc:19]
Resolution: If [get_<value>] was used to populate the object, check to make sure this command returns at least one valid object.
WARNING: [Vivado 12-584] No ports matched 'A[7]'. [C:/Users/ma378458/EEE3342C/project/project.srcs/constrs_2/new/Contraints3.xdc:20]
CRITICAL WARNING: [Common 17-55] 'set_property' expects at least one object. [C:/Users/ma378458/EEE3342C/project/project.srcs/constrs_2/new/Contraints3.xdc:20]
Resolution: If [get_<value>] was used to populate the object, check to make sure this command returns at least one valid object.
WARNING: [Vivado 12-584] No ports matched 'S[2]'. [C:/Users/ma378458/EEE3342C/project/project.srcs/constrs_2/new/Contraints3.xdc:21]
CRITICAL WARNING: [Common 17-55] 'set_property' expects at least one object. [C:/Users/ma378458/EEE3342C/project/project.srcs/constrs_2/new/Contraints3.xdc:21]
Resolution: If [get_<value>] was used to populate the object, check to make sure this command returns at least one valid object.
WARNING: [Vivado 12-584] No ports matched 'S[1]'. [C:/Users/ma378458/EEE3342C/project/project.srcs/constrs_2/new/Contraints3.xdc:22]
CRITICAL WARNING: [Common 17-55] 'set_property' expects at least one object. [C:/Users/ma378458/EEE3342C/project/project.srcs/constrs_2/new/Contraints3.xdc:22]
Resolution: If [get_<value>] was used to populate the object, check to make sure this command returns at least one valid object.
WARNING: [Vivado 12-584] No ports matched 'S[0]'. [C:/Users/ma378458/EEE3342C/project/project.srcs/constrs_2/new/Contraints3.xdc:23]
CRITICAL WARNING: [Common 17-55] 'set_property' expects at least one object. [C:/Users/ma378458/EEE3342C/project/project.srcs/constrs_2/new/Contraints3.xdc:23]
Resolution: If [get_<value>] was used to populate the object, check to make sure this command returns at least one valid object.
WARNING: [Vivado 12-584] No ports matched 'F[0]'. [C:/Users/ma378458/EEE3342C/project/project.srcs/constrs_2/new/Contraints3.xdc:24]
CRITICAL WARNING: [Common 17-55] 'set_property' expects at least one object. [C:/Users/ma378458/EEE3342C/project/project.srcs/constrs_2/new/Contraints3.xdc:24]
Resolution: If [get_<value>] was used to populate the object, check to make sure this command returns at least one valid object.
WARNING: [Vivado 12-584] No ports matched 'F[1]'. [C:/Users/ma378458/EEE3342C/project/project.srcs/constrs_2/new/Contraints3.xdc:25]
CRITICAL WARNING: [Common 17-55] 'set_property' expects at least one object. [C:/Users/ma378458/EEE3342C/project/project.srcs/constrs_2/new/Contraints3.xdc:25]
Resolution: If [get_<value>] was used to populate the object, check to make sure this command returns at least one valid object.
WARNING: [Vivado 12-584] No ports matched 'F[2]'. [C:/Users/ma378458/EEE3342C/project/project.srcs/constrs_2/new/Contraints3.xdc:26]
CRITICAL WARNING: [Common 17-55] 'set_property' expects at least one object. [C:/Users/ma378458/EEE3342C/project/project.srcs/constrs_2/new/Contraints3.xdc:26]
Resolution: If [get_<value>] was used to populate the object, check to make sure this command returns at least one valid object.
WARNING: [Vivado 12-584] No ports matched 'F[3]'. [C:/Users/ma378458/EEE3342C/project/project.srcs/constrs_2/new/Contraints3.xdc:27]
CRITICAL WARNING: [Common 17-55] 'set_property' expects at least one object. [C:/Users/ma378458/EEE3342C/project/project.srcs/constrs_2/new/Contraints3.xdc:27]
Resolution: If [get_<value>] was used to populate the object, check to make sure this command returns at least one valid object.
WARNING: [Vivado 12-584] No ports matched 'F[4]'. [C:/Users/ma378458/EEE3342C/project/project.srcs/constrs_2/new/Contraints3.xdc:28]
CRITICAL WARNING: [Common 17-55] 'set_property' expects at least one object. [C:/Users/ma378458/EEE3342C/project/project.srcs/constrs_2/new/Contraints3.xdc:28]
Resolution: If [get_<value>] was used to populate the object, check to make sure this command returns at least one valid object.
WARNING: [Vivado 12-584] No ports matched 'F[5]'. [C:/Users/ma378458/EEE3342C/project/project.srcs/constrs_2/new/Contraints3.xdc:29]
CRITICAL WARNING: [Common 17-55] 'set_property' expects at least one object. [C:/Users/ma378458/EEE3342C/project/project.srcs/constrs_2/new/Contraints3.xdc:29]
Resolution: If [get_<value>] was used to populate the object, check to make sure this command returns at least one valid object.
WARNING: [Vivado 12-584] No ports matched 'F[6]'. [C:/Users/ma378458/EEE3342C/project/project.srcs/constrs_2/new/Contraints3.xdc:30]
CRITICAL WARNING: [Common 17-55] 'set_property' expects at least one object. [C:/Users/ma378458/EEE3342C/project/project.srcs/constrs_2/new/Contraints3.xdc:30]
Resolution: If [get_<value>] was used to populate the object, check to make sure this command returns at least one valid object.
WARNING: [Vivado 12-584] No ports matched 'F[7]'. [C:/Users/ma378458/EEE3342C/project/project.srcs/constrs_2/new/Contraints3.xdc:31]
CRITICAL WARNING: [Common 17-55] 'set_property' expects at least one object. [C:/Users/ma378458/EEE3342C/project/project.srcs/constrs_2/new/Contraints3.xdc:31]
Resolution: If [get_<value>] was used to populate the object, check to make sure this command returns at least one valid object.
WARNING: [Vivado 12-584] No ports matched 'F[7]'. [C:/Users/ma378458/EEE3342C/project/project.srcs/constrs_2/new/Contraints3.xdc:33]
CRITICAL WARNING: [Common 17-55] 'set_property' expects at least one object. [C:/Users/ma378458/EEE3342C/project/project.srcs/constrs_2/new/Contraints3.xdc:33]
Resolution: If [get_<value>] was used to populate the object, check to make sure this command returns at least one valid object.
WARNING: [Vivado 12-584] No ports matched 'F[6]'. [C:/Users/ma378458/EEE3342C/project/project.srcs/constrs_2/new/Contraints3.xdc:34]
CRITICAL WARNING: [Common 17-55] 'set_property' expects at least one object. [C:/Users/ma378458/EEE3342C/project/project.srcs/constrs_2/new/Contraints3.xdc:34]
Resolution: If [get_<value>] was used to populate the object, check to make sure this command returns at least one valid object.
WARNING: [Vivado 12-584] No ports matched 'F[5]'. [C:/Users/ma378458/EEE3342C/project/project.srcs/constrs_2/new/Contraints3.xdc:35]
CRITICAL WARNING: [Common 17-55] 'set_property' expects at least one object. [C:/Users/ma378458/EEE3342C/project/project.srcs/constrs_2/new/Contraints3.xdc:35]
Resolution: If [get_<value>] was used to populate the object, check to make sure this command returns at least one valid object.
WARNING: [Vivado 12-584] No ports matched 'F[4]'. [C:/Users/ma378458/EEE3342C/project/project.srcs/constrs_2/new/Contraints3.xdc:36]
CRITICAL WARNING: [Common 17-55] 'set_property' expects at least one object. [C:/Users/ma378458/EEE3342C/project/project.srcs/constrs_2/new/Contraints3.xdc:36]
Resolution: If [get_<value>] was used to populate the object, check to make sure this command returns at least one valid object.
WARNING: [Vivado 12-584] No ports matched 'F[3]'. [C:/Users/ma378458/EEE3342C/project/project.srcs/constrs_2/new/Contraints3.xdc:37]
CRITICAL WARNING: [Common 17-55] 'set_property' expects at least one object. [C:/Users/ma378458/EEE3342C/project/project.srcs/constrs_2/new/Contraints3.xdc:37]
Resolution: If [get_<value>] was used to populate the object, check to make sure this command returns at least one valid object.
WARNING: [Vivado 12-584] No ports matched 'F[2]'. [C:/Users/ma378458/EEE3342C/project/project.srcs/constrs_2/new/Contraints3.xdc:38]
CRITICAL WARNING: [Common 17-55] 'set_property' expects at least one object. [C:/Users/ma378458/EEE3342C/project/project.srcs/constrs_2/new/Contraints3.xdc:38]
Resolution: If [get_<value>] was used to populate the object, check to make sure this command returns at least one valid object.
WARNING: [Vivado 12-584] No ports matched 'F[1]'. [C:/Users/ma378458/EEE3342C/project/project.srcs/constrs_2/new/Contraints3.xdc:39]
CRITICAL WARNING: [Common 17-55] 'set_property' expects at least one object. [C:/Users/ma378458/EEE3342C/project/project.srcs/constrs_2/new/Contraints3.xdc:39]
Resolution: If [get_<value>] was used to populate the object, check to make sure this command returns at least one valid object.
WARNING: [Vivado 12-584] No ports matched 'F[0]'. [C:/Users/ma378458/EEE3342C/project/project.srcs/constrs_2/new/Contraints3.xdc:40]
CRITICAL WARNING: [Common 17-55] 'set_property' expects at least one object. [C:/Users/ma378458/EEE3342C/project/project.srcs/constrs_2/new/Contraints3.xdc:40]
Resolution: If [get_<value>] was used to populate the object, check to make sure this command returns at least one valid object.
Finished Parsing XDC File [C:/Users/ma378458/EEE3342C/project/project.srcs/constrs_2/new/Contraints3.xdc]
INFO: [Project 1-236] Implementation specific constraints were found while reading constraint file [C:/Users/ma378458/EEE3342C/project/project.srcs/constrs_2/new/Contraints3.xdc]. These constraints will be ignored for synthesis but will be used in implementation. Impacted constraints are listed in the file [.Xil/Part5_propImpl.xdc].
Resolution: To avoid this warning, move constraints listed in [.Xil/Part5_propImpl.xdc] to another XDC file and exclude this new file from synthesis with the used_in_synthesis property (File Properties dialog in GUI) and re-run elaboration/synthesis.
Completed Processing XDC Constraints

INFO: [Project 1-111] Unisim Transformation Summary:
No Unisim elements were transformed.

Constraint Validation Runtime : Time (s): cpu = 00:00:00 ; elapsed = 00:00:00.001 . Memory (MB): peak = 701.602 ; gain = 0.000
---------------------------------------------------------------------------------
Finished Constraint Validation : Time (s): cpu = 00:00:08 ; elapsed = 00:00:09 . Memory (MB): peak = 701.602 ; gain = 458.531
---------------------------------------------------------------------------------
---------------------------------------------------------------------------------
Start Loading Part and Timing Information
---------------------------------------------------------------------------------
Loading part: xc7a35tcpg236-1
---------------------------------------------------------------------------------
Finished Loading Part and Timing Information : Time (s): cpu = 00:00:08 ; elapsed = 00:00:09 . Memory (MB): peak = 701.602 ; gain = 458.531
---------------------------------------------------------------------------------
---------------------------------------------------------------------------------
Start Applying 'set_property' XDC Constraints
---------------------------------------------------------------------------------
---------------------------------------------------------------------------------
Finished applying 'set_property' XDC Constraints : Time (s): cpu = 00:00:08 ; elapsed = 00:00:09 . Memory (MB): peak = 701.602 ; gain = 458.531
---------------------------------------------------------------------------------
INFO: [Synth 8-5544] ROM "segEnable" won't be mapped to Block RAM because address size (4) smaller than threshold (5)
WARNING: [Synth 8-6014] Unused sequential element clockCounter_reg was removed.  [C:/Users/ma378458/EEE3342C/project/project.srcs/sources_1/new/Part5.v:40]
---------------------------------------------------------------------------------
Finished RTL Optimization Phase 2 : Time (s): cpu = 00:00:08 ; elapsed = 00:00:09 . Memory (MB): peak = 701.602 ; gain = 458.531
---------------------------------------------------------------------------------
INFO: [Synth 8-223] decloning instance 'tensDisplay' (print_seg) to 'hunsDisplay'
INFO: [Synth 8-223] decloning instance 'tensDisplay' (print_seg) to 'thousDisplay'

Report RTL Partitions: 
+-+--------------+------------+----------+
| |RTL Partition |Replication |Instances |
+-+--------------+------------+----------+
+-+--------------+------------+----------+
---------------------------------------------------------------------------------
Start RTL Component Statistics 
---------------------------------------------------------------------------------
Detailed RTL Component Info : 
+---Registers : 
	                4 Bit    Registers := 1     
+---Muxes : 
	   4 Input      7 Bit        Muxes := 1     
	   2 Input      7 Bit        Muxes := 1     
	   5 Input      4 Bit        Muxes := 1     
	   4 Input      2 Bit        Muxes := 1     
---------------------------------------------------------------------------------
Finished RTL Component Statistics 
---------------------------------------------------------------------------------
---------------------------------------------------------------------------------
Start RTL Hierarchical Component Statistics 
---------------------------------------------------------------------------------
Hierarchical RTL Component report 
Module Part5 
Detailed RTL Component Info : 
+---Registers : 
	                4 Bit    Registers := 1     
+---Muxes : 
	   4 Input      7 Bit        Muxes := 1     
	   2 Input      7 Bit        Muxes := 1     
	   5 Input      4 Bit        Muxes := 1     
	   4 Input      2 Bit        Muxes := 1     
---------------------------------------------------------------------------------
Finished RTL Hierarchical Component Statistics
---------------------------------------------------------------------------------
---------------------------------------------------------------------------------
Start Part Resource Summary
---------------------------------------------------------------------------------
Part Resources:
DSPs: 90 (col length:60)
BRAMs: 100 (col length: RAMB18 60 RAMB36 30)
---------------------------------------------------------------------------------
Finished Part Resource Summary
---------------------------------------------------------------------------------
---------------------------------------------------------------------------------
Start Cross Boundary and Area Optimization
---------------------------------------------------------------------------------
WARNING: [Synth 8-6014] Unused sequential element clockCounter_reg was removed.  [C:/Users/ma378458/EEE3342C/project/project.srcs/sources_1/new/Part5.v:40]
---------------------------------------------------------------------------------
Finished Cross Boundary and Area Optimization : Time (s): cpu = 00:00:08 ; elapsed = 00:00:09 . Memory (MB): peak = 701.602 ; gain = 458.531
---------------------------------------------------------------------------------

Report RTL Partitions: 
+-+--------------+------------+----------+
| |RTL Partition |Replication |Instances |
+-+--------------+------------+----------+
+-+--------------+------------+----------+
---------------------------------------------------------------------------------
Start Applying XDC Timing Constraints
---------------------------------------------------------------------------------
---------------------------------------------------------------------------------
Finished Applying XDC Timing Constraints : Time (s): cpu = 00:00:12 ; elapsed = 00:00:13 . Memory (MB): peak = 716.395 ; gain = 473.324
---------------------------------------------------------------------------------
---------------------------------------------------------------------------------
Start Timing Optimization
---------------------------------------------------------------------------------
---------------------------------------------------------------------------------
Finished Timing Optimization : Time (s): cpu = 00:00:12 ; elapsed = 00:00:13 . Memory (MB): peak = 716.469 ; gain = 473.398
---------------------------------------------------------------------------------

Report RTL Partitions: 
+-+--------------+------------+----------+
| |RTL Partition |Replication |Instances |
+-+--------------+------------+----------+
+-+--------------+------------+----------+
---------------------------------------------------------------------------------
Start Technology Mapping
---------------------------------------------------------------------------------
---------------------------------------------------------------------------------
Finished Technology Mapping : Time (s): cpu = 00:00:12 ; elapsed = 00:00:13 . Memory (MB): peak = 736.078 ; gain = 493.008
---------------------------------------------------------------------------------

Report RTL Partitions: 
+-+--------------+------------+----------+
| |RTL Partition |Replication |Instances |
+-+--------------+------------+----------+
+-+--------------+------------+----------+
---------------------------------------------------------------------------------
Start IO Insertion
---------------------------------------------------------------------------------
---------------------------------------------------------------------------------
Start Flattening Before IO Insertion
---------------------------------------------------------------------------------
---------------------------------------------------------------------------------
Finished Flattening Before IO Insertion
---------------------------------------------------------------------------------
---------------------------------------------------------------------------------
Start Final Netlist Cleanup
---------------------------------------------------------------------------------
---------------------------------------------------------------------------------
Finished Final Netlist Cleanup
---------------------------------------------------------------------------------
---------------------------------------------------------------------------------
Finished IO Insertion : Time (s): cpu = 00:00:12 ; elapsed = 00:00:13 . Memory (MB): peak = 736.078 ; gain = 493.008
---------------------------------------------------------------------------------

Report Check Netlist: 
+------+------------------+-------+---------+-------+------------------+
|      |Item              |Errors |Warnings |Status |Description       |
+------+------------------+-------+---------+-------+------------------+
|1     |multi_driven_nets |      0|        0|Passed |Multi driven nets |
+------+------------------+-------+---------+-------+------------------+
---------------------------------------------------------------------------------
Start Renaming Generated Instances
---------------------------------------------------------------------------------
---------------------------------------------------------------------------------
Finished Renaming Generated Instances : Time (s): cpu = 00:00:12 ; elapsed = 00:00:13 . Memory (MB): peak = 736.078 ; gain = 493.008
---------------------------------------------------------------------------------

Report RTL Partitions: 
+-+--------------+------------+----------+
| |RTL Partition |Replication |Instances |
+-+--------------+------------+----------+
+-+--------------+------------+----------+
---------------------------------------------------------------------------------
Start Rebuilding User Hierarchy
---------------------------------------------------------------------------------
---------------------------------------------------------------------------------
Finished Rebuilding User Hierarchy : Time (s): cpu = 00:00:12 ; elapsed = 00:00:13 . Memory (MB): peak = 736.078 ; gain = 493.008
---------------------------------------------------------------------------------
---------------------------------------------------------------------------------
Start Renaming Generated Ports
---------------------------------------------------------------------------------
---------------------------------------------------------------------------------
Finished Renaming Generated Ports : Time (s): cpu = 00:00:12 ; elapsed = 00:00:13 . Memory (MB): peak = 736.078 ; gain = 493.008
---------------------------------------------------------------------------------
---------------------------------------------------------------------------------
Start Handling Custom Attributes
---------------------------------------------------------------------------------
---------------------------------------------------------------------------------
Finished Handling Custom Attributes : Time (s): cpu = 00:00:12 ; elapsed = 00:00:13 . Memory (MB): peak = 736.078 ; gain = 493.008
---------------------------------------------------------------------------------
---------------------------------------------------------------------------------
Start Renaming Generated Nets
---------------------------------------------------------------------------------
---------------------------------------------------------------------------------
Finished Renaming Generated Nets : Time (s): cpu = 00:00:12 ; elapsed = 00:00:13 . Memory (MB): peak = 736.078 ; gain = 493.008
---------------------------------------------------------------------------------
---------------------------------------------------------------------------------
Start Writing Synthesis Report
---------------------------------------------------------------------------------

Report BlackBoxes: 
+-+--------------+----------+
| |BlackBox name |Instances |
+-+--------------+----------+
+-+--------------+----------+

Report Cell Usage: 
+------+-------+------+
|      |Cell   |Count |
+------+-------+------+
|1     |BUFG   |     1|
|2     |CARRY4 |     5|
|3     |LUT1   |     1|
|4     |LUT4   |     9|
|5     |LUT5   |     3|
|6     |FDCE   |    17|
|7     |FDRE   |     4|
|8     |IBUF   |     6|
|9     |OBUF   |    11|
+------+-------+------+

Report Instance Areas: 
+------+---------+-------+------+
|      |Instance |Module |Cells |
+------+---------+-------+------+
|1     |top      |       |    57|
+------+---------+-------+------+
---------------------------------------------------------------------------------
Finished Writing Synthesis Report : Time (s): cpu = 00:00:12 ; elapsed = 00:00:13 . Memory (MB): peak = 736.078 ; gain = 493.008
---------------------------------------------------------------------------------
Synthesis finished with 0 errors, 0 critical warnings and 2 warnings.
Synthesis Optimization Runtime : Time (s): cpu = 00:00:07 ; elapsed = 00:00:10 . Memory (MB): peak = 736.078 ; gain = 186.660
Synthesis Optimization Complete : Time (s): cpu = 00:00:12 ; elapsed = 00:00:13 . Memory (MB): peak = 736.078 ; gain = 493.008
INFO: [Project 1-571] Translating synthesized netlist
INFO: [Netlist 29-17] Analyzing 11 Unisim elements for replacement
INFO: [Netlist 29-28] Unisim Transformation completed in 0 CPU seconds
INFO: [Project 1-570] Preparing netlist for logic optimization
INFO: [Opt 31-138] Pushed 0 inverter(s) to 0 load pin(s).
INFO: [Project 1-111] Unisim Transformation Summary:
No Unisim elements were transformed.

INFO: [Common 17-83] Releasing license: Synthesis
19 Infos, 44 Warnings, 39 Critical Warnings and 0 Errors encountered.
synth_design completed successfully
synth_design: Time (s): cpu = 00:00:14 ; elapsed = 00:00:16 . Memory (MB): peak = 736.078 ; gain = 505.770
INFO: [Common 17-1381] The checkpoint 'C:/Users/ma378458/EEE3342C/project/project.runs/synth_1/Part5.dcp' has been generated.
INFO: [runtcl-4] Executing : report_utilization -file Part5_utilization_synth.rpt -pb Part5_utilization_synth.pb
report_utilization: Time (s): cpu = 00:00:00 ; elapsed = 00:00:00.008 . Memory (MB): peak = 736.078 ; gain = 0.000
INFO: [Common 17-206] Exiting Vivado at Thu Mar 13 11:50:08 2025...
